0 info it worked if it ends with ok
1 verbose cli [ '/usr/bin/nodejs',
1 verbose cli   '/usr/bin/npm',
1 verbose cli   'install',
1 verbose cli   'angular-route@X.Y.Z',
1 verbose cli   '--save' ]
2 info using npm@1.2.18
3 info using node@v0.10.15
4 verbose read json /home/chad/work/SRA-ANGULAR/package.json
5 warn package.json sraangular@0.0.0 No README.md file found!
6 verbose read json /home/chad/work/SRA-ANGULAR/node_modules/grunt/package.json
7 verbose read json /home/chad/work/SRA-ANGULAR/node_modules/grunt-autoprefixer/package.json
8 verbose read json /home/chad/work/SRA-ANGULAR/node_modules/grunt-concurrent/package.json
9 verbose read json /home/chad/work/SRA-ANGULAR/node_modules/grunt-contrib-clean/package.json
10 verbose read json /home/chad/work/SRA-ANGULAR/node_modules/grunt-contrib-compass/package.json
11 verbose read json /home/chad/work/SRA-ANGULAR/node_modules/grunt-contrib-concat/package.json
12 verbose read json /home/chad/work/SRA-ANGULAR/node_modules/grunt-contrib-connect/package.json
13 verbose read json /home/chad/work/SRA-ANGULAR/node_modules/grunt-contrib-copy/package.json
14 verbose read json /home/chad/work/SRA-ANGULAR/node_modules/grunt-contrib-cssmin/package.json
15 verbose read json /home/chad/work/SRA-ANGULAR/node_modules/grunt-contrib-htmlmin/package.json
16 verbose read json /home/chad/work/SRA-ANGULAR/node_modules/grunt-contrib-imagemin/package.json
17 verbose read json /home/chad/work/SRA-ANGULAR/node_modules/grunt-contrib-jshint/package.json
18 verbose read json /home/chad/work/SRA-ANGULAR/node_modules/grunt-contrib-uglify/package.json
19 verbose read json /home/chad/work/SRA-ANGULAR/node_modules/grunt-contrib-watch/package.json
20 verbose read json /home/chad/work/SRA-ANGULAR/node_modules/grunt-filerev/package.json
21 verbose read json /home/chad/work/SRA-ANGULAR/node_modules/grunt-google-cdn/package.json
22 verbose read json /home/chad/work/SRA-ANGULAR/node_modules/grunt-karma/package.json
23 verbose read json /home/chad/work/SRA-ANGULAR/node_modules/grunt-newer/package.json
24 verbose read json /home/chad/work/SRA-ANGULAR/node_modules/grunt-ng-annotate/package.json
25 verbose read json /home/chad/work/SRA-ANGULAR/node_modules/grunt-svgmin/package.json
26 verbose read json /home/chad/work/SRA-ANGULAR/node_modules/grunt-usemin/package.json
27 verbose read json /home/chad/work/SRA-ANGULAR/node_modules/grunt-wiredep/package.json
28 verbose read json /home/chad/work/SRA-ANGULAR/node_modules/imagemin-svgo/package.json
29 verbose read json /home/chad/work/SRA-ANGULAR/node_modules/jasmine-core/package.json
30 verbose read json /home/chad/work/SRA-ANGULAR/node_modules/jshint-stylish/package.json
31 verbose read json /home/chad/work/SRA-ANGULAR/node_modules/karma/package.json
32 verbose read json /home/chad/work/SRA-ANGULAR/node_modules/karma-jasmine/package.json
33 verbose read json /home/chad/work/SRA-ANGULAR/node_modules/karma-phantomjs-launcher/package.json
34 verbose read json /home/chad/work/SRA-ANGULAR/node_modules/load-grunt-tasks/package.json
35 verbose read json /home/chad/work/SRA-ANGULAR/node_modules/time-grunt/package.json
36 verbose from cache /home/chad/work/SRA-ANGULAR/package.json
37 verbose readDependencies using package.json deps
38 verbose cache add [ 'angular-route@X.Y.Z', null ]
39 verbose cache add name=undefined spec="angular-route@X.Y.Z" args=["angular-route@X.Y.Z",null]
40 verbose parsed url { protocol: null,
40 verbose parsed url   slashes: null,
40 verbose parsed url   auth: null,
40 verbose parsed url   host: null,
40 verbose parsed url   port: null,
40 verbose parsed url   hostname: null,
40 verbose parsed url   hash: null,
40 verbose parsed url   search: null,
40 verbose parsed url   query: null,
40 verbose parsed url   pathname: 'angular-route@X.Y.Z',
40 verbose parsed url   path: 'angular-route@X.Y.Z',
40 verbose parsed url   href: 'angular-route@X.Y.Z' }
41 verbose cache add name="angular-route" spec="X.Y.Z" args=["angular-route","X.Y.Z"]
42 verbose parsed url { protocol: null,
42 verbose parsed url   slashes: null,
42 verbose parsed url   auth: null,
42 verbose parsed url   host: null,
42 verbose parsed url   port: null,
42 verbose parsed url   hostname: null,
42 verbose parsed url   hash: null,
42 verbose parsed url   search: null,
42 verbose parsed url   query: null,
42 verbose parsed url   pathname: 'X.Y.Z',
42 verbose parsed url   path: 'X.Y.Z',
42 verbose parsed url   href: 'X.Y.Z' }
43 verbose addNamed [ 'angular-route', 'X.Y.Z' ]
44 verbose addNamed [ null, null ]
45 silly lockFile 1946613a-angular-route-X-Y-Z angular-route@X.Y.Z
46 verbose lock angular-route@X.Y.Z /home/chad/.npm/1946613a-angular-route-X-Y-Z.lock
47 info addNameTag [ 'angular-route', 'X.Y.Z' ]
48 verbose url raw angular-route
49 verbose url resolving [ 'https://registry.npmjs.org/', './angular-route' ]
50 verbose url resolved https://registry.npmjs.org/angular-route
51 info trying registry request attempt 1 at 11:54:03
52 http GET https://registry.npmjs.org/angular-route
53 http 200 https://registry.npmjs.org/angular-route
54 silly registry.get cb [ 200,
54 silly registry.get   { date: 'Tue, 02 Dec 2014 18:54:04 GMT',
54 silly registry.get     server: 'CouchDB/1.5.0 (Erlang OTP/R16B03)',
54 silly registry.get     etag: '"DAB5W2B1Z8NAD6QRENIR55XKO"',
54 silly registry.get     'content-type': 'application/json',
54 silly registry.get     'cache-control': 'max-age=60',
54 silly registry.get     'content-length': '14522',
54 silly registry.get     'accept-ranges': 'bytes',
54 silly registry.get     via: '1.1 varnish',
54 silly registry.get     age: '0',
54 silly registry.get     'x-served-by': 'cache-lax1426-LAX',
54 silly registry.get     'x-cache': 'MISS',
54 silly registry.get     'x-cache-hits': '0',
54 silly registry.get     'x-timer': 'S1417546444.000030,VS0,VE72',
54 silly registry.get     vary: 'Accept',
54 silly registry.get     'keep-alive': 'timeout=10, max=50',
54 silly registry.get     connection: 'Keep-Alive' } ]
55 silly lockFile 1946613a-angular-route-X-Y-Z angular-route@X.Y.Z
56 silly lockFile 1946613a-angular-route-X-Y-Z angular-route@X.Y.Z
57 error Error: No compatible version found: angular-route@'X.Y.Z'
57 error Valid install targets:
57 error ["1.2.17-build.163.1","1.3.0-rc.5","1.3.0","1.3.1","1.3.2","1.3.3","1.3.4-build.3588","1.2.27","1.3.4","1.3.5"]
57 error     at installTargetsError (/usr/share/npm/lib/cache.js:685:10)
57 error     at /usr/share/npm/lib/cache.js:607:10
57 error     at saved (/usr/share/npm/node_modules/npm-registry-client/lib/get.js:138:7)
57 error     at /usr/lib/nodejs/graceful-fs/polyfills.js:133:7
57 error     at Object.oncomplete (fs.js:107:15)
58 error If you need help, you may report this log at:
58 error     <http://bugs.debian.org/npm>
58 error or use
58 error     reportbug --attach /home/chad/work/SRA-ANGULAR/npm-debug.log npm
59 error System Linux 3.11.0-12-generic
60 error command "/usr/bin/nodejs" "/usr/bin/npm" "install" "angular-route@X.Y.Z" "--save"
61 error cwd /home/chad/work/SRA-ANGULAR
62 error node -v v0.10.15
63 error npm -v 1.2.18
64 verbose exit [ 1, true ]
